

Started GET "/" for 83.141.77.130 at 2016-02-15 19:25:35 +0000

ActionController::RoutingError (uninitialized constant WelcomeController):
  activesupport (4.2.2) lib/active_support/inflector/methods.rb:261:in `const_get'
  activesupport (4.2.2) lib/active_support/inflector/methods.rb:261:in `block in constantize'
  activesupport (4.2.2) lib/active_support/inflector/methods.rb:259:in `each'
  activesupport (4.2.2) lib/active_support/inflector/methods.rb:259:in `inject'
  activesupport (4.2.2) lib/active_support/inflector/methods.rb:259:in `constantize'
  actionpack (4.2.2) lib/action_dispatch/routing/route_set.rb:70:in `controller_reference'
  actionpack (4.2.2) lib/action_dispatch/routing/route_set.rb:60:in `controller'
  actionpack (4.2.2) lib/action_dispatch/routing/route_set.rb:39:in `serve'
  actionpack (4.2.2) lib/action_dispatch/journey/router.rb:43:in `block in serve'
  actionpack (4.2.2) lib/action_dispatch/journey/router.rb:30:in `each'
  actionpack (4.2.2) lib/action_dispatch/journey/router.rb:30:in `serve'
  actionpack (4.2.2) lib/action_dispatch/routing/route_set.rb:819:in `call'
  rack (1.6.4) lib/rack/etag.rb:24:in `call'
  rack (1.6.4) lib/rack/conditionalget.rb:25:in `call'
  rack (1.6.4) lib/rack/head.rb:13:in `call'
  actionpack (4.2.2) lib/action_dispatch/middleware/params_parser.rb:27:in `call'
  actionpack (4.2.2) lib/action_dispatch/middleware/flash.rb:260:in `call'
  rack (1.6.4) lib/rack/session/abstract/id.rb:225:in `context'
  rack (1.6.4) lib/rack/session/abstract/id.rb:220:in `call'
  actionpack (4.2.2) lib/action_dispatch/middleware/cookies.rb:560:in `call'
  activerecord (4.2.2) lib/active_record/query_cache.rb:36:in `call'
  activerecord (4.2.2) lib/active_record/connection_adapters/abstract/connection_pool.rb:649:in `call'
  activerecord (4.2.2) lib/active_record/migration.rb:378:in `call'
  actionpack (4.2.2) lib/action_dispatch/middleware/callbacks.rb:29:in `block in call'
  activesupport (4.2.2) lib/active_support/callbacks.rb:88:in `_run_callbacks'
  activesupport (4.2.2) lib/active_support/callbacks.rb:776:in `_run_call_callbacks'
  activesupport (4.2.2) lib/active_support/callbacks.rb:81:in `run_callbacks'
  actionpack (4.2.2) lib/action_dispatch/middleware/callbacks.rb:27:in `call'
  actionpack (4.2.2) lib/action_dispatch/middleware/reloader.rb:73:in `call'
  actionpack (4.2.2) lib/action_dispatch/middleware/remote_ip.rb:78:in `call'
  web-console (2.0.0.beta3) lib/action_dispatch/debug_exceptions.rb:18:in `middleware_call'
  web-console (2.0.0.beta3) lib/action_dispatch/debug_exceptions.rb:13:in `call'
  actionpack (4.2.2) lib/action_dispatch/middleware/show_exceptions.rb:30:in `call'
  railties (4.2.2) lib/rails/rack/logger.rb:38:in `call_app'
  railties (4.2.2) lib/rails/rack/logger.rb:20:in `block in call'
  activesupport (4.2.2) lib/active_support/tagged_logging.rb:68:in `block in tagged'
  activesupport (4.2.2) lib/active_support/tagged_logging.rb:26:in `tagged'
  activesupport (4.2.2) lib/active_support/tagged_logging.rb:68:in `tagged'
  railties (4.2.2) lib/rails/rack/logger.rb:20:in `call'
  actionpack (4.2.2) lib/action_dispatch/middleware/request_id.rb:21:in `call'
  rack (1.6.4) lib/rack/methodoverride.rb:22:in `call'
  rack (1.6.4) lib/rack/runtime.rb:18:in `call'
  activesupport (4.2.2) lib/active_support/cache/strategy/local_cache_middleware.rb:28:in `call'
  rack (1.6.4) lib/rack/lock.rb:17:in `call'
  actionpack (4.2.2) lib/action_dispatch/middleware/static.rb:113:in `call'
  rack (1.6.4) lib/rack/sendfile.rb:113:in `call'
  railties (4.2.2) lib/rails/engine.rb:518:in `call'
  railties (4.2.2) lib/rails/application.rb:164:in `call'
  rack (1.6.4) lib/rack/lock.rb:17:in `call'
  rack (1.6.4) lib/rack/content_length.rb:15:in `call'
  rack (1.6.4) lib/rack/handler/webrick.rb:88:in `service'
  /usr/local/rvm/rubies/ruby-2.3.0/lib/ruby/2.3.0/webrick/httpserver.rb:140:in `service'
  /usr/local/rvm/rubies/ruby-2.3.0/lib/ruby/2.3.0/webrick/httpserver.rb:96:in `run'
  /usr/local/rvm/rubies/ruby-2.3.0/lib/ruby/2.3.0/webrick/server.rb:296:in `block in start_thread'


  Rendered /usr/local/rvm/gems/ruby-2.3.0/gems/web-console-2.0.0.beta3/lib/action_dispatch/templates/rescues/_trace.html.erb (1.9ms)
  Rendered /usr/local/rvm/gems/ruby-2.3.0/gems/web-console-2.0.0.beta3/lib/action_dispatch/templates/rescues/routing_error.html.erb within rescues/layout (76.3ms)
